<?xml version="1.0" encoding="UTF-8"?>
<!-- Generated by org.testng.reporters.JUnitReportReporter -->
<testsuite skipped="0" hostname="WIN-GEDESCREUP8" name="test.Selenium_Jenkins_Integration" tests="1" failures="0" timestamp="18 Feb 2018 21:36:20 GMT" time="7.980" errors="0">
  <testcase name="test" time="7.980" classname="test.Selenium_Jenkins_Integration"/>
</testsuite> <!-- test.Selenium_Jenkins_Integration -->
